\BOOKMARK [1][-]{section.1}{\376\377\000E\000i\000n\000l\000e\000i\000t\000u\000n\000g}{}% 1
\BOOKMARK [1][-]{section.2}{\376\377\000F\000o\000r\000s\000c\000h\000u\000n\000g\000s\000a\000n\000s\000a\000t\000z}{}% 2
\BOOKMARK [2][-]{subsection.2.1}{\376\377\000S\000t\000u\000f\000e\000\040\0001\000:\000\040\000T\000h\000e\000r\000m\000o\000-\000K\000i\000n\000e\000t\000i\000s\000c\000h\000e\000\040\000P\000r\000o\000z\000e\000s\000s\000s\000i\000m\000u\000l\000a\000t\000i\000o\000n\000\040\040\023\000\040\000D\000i\000e\000\040\000M\000e\000t\000a\000l\000l\000u\000r\000g\000i\000s\000c\000h\000e\000\040\000D\000N\000A}{section.2}% 3
\BOOKMARK [2][-]{subsection.2.2}{\376\377\000S\000t\000u\000f\000e\000\040\0002\000:\000\040\000G\000e\000f\000\374\000g\000e\000-\000G\000e\000n\000e\000r\000i\000e\000r\000u\000n\000g\000\040\040\023\000\040\000D\000e\000r\000\040\000s\000t\000o\000c\000h\000a\000s\000t\000i\000s\000c\000h\000e\000\040\000d\000i\000g\000i\000t\000a\000l\000e\000\040\000Z\000w\000i\000l\000l\000i\000n\000g}{section.2}% 4
\BOOKMARK [2][-]{subsection.2.3}{\376\377\000S\000t\000u\000f\000e\000\040\0003\000:\000\040\000M\000i\000k\000r\000o\000m\000e\000c\000h\000a\000n\000i\000s\000c\000h\000e\000\040\000P\000r\000\374\000f\000u\000n\000g\000\040\040\023\000\040\000D\000a\000s\000\040\000v\000i\000r\000t\000u\000e\000l\000l\000e\000\040\000L\000a\000b\000o\000r}{section.2}% 5
\BOOKMARK [2][-]{subsection.2.4}{\376\377\000S\000t\000u\000f\000e\000\040\0004\000:\000\040\000H\000o\000m\000o\000g\000e\000n\000i\000s\000i\000e\000r\000u\000n\000g\000\040\000\046\000\040\000K\000I\000-\000S\000u\000r\000r\000o\000g\000a\000t\000e\000\040\000M\000o\000d\000e\000l\000i\000n\000g\000\040\040\023\000\040\000D\000e\000r\000\040\000\334\000b\000e\000r\000s\000e\000t\000z\000e\000r}{section.2}% 6
\BOOKMARK [2][-]{subsection.2.5}{\376\377\000S\000t\000u\000f\000e\000\040\0005\000:\000\040\000M\000a\000t\000e\000r\000i\000a\000l\000k\000a\000r\000t\000e\000n\000-\000K\000a\000l\000i\000b\000r\000i\000e\000r\000u\000n\000g\000\040\040\023\000\040\000C\000r\000a\000s\000h\000\040\000R\000e\000a\000d\000i\000n\000e\000s\000s}{section.2}% 7
\BOOKMARK [1][-]{section.3}{\376\377\000P\000r\000o\000j\000e\000k\000t\000z\000i\000e\000l\000e}{}% 8
\BOOKMARK [2][-]{subsection.3.1}{\376\377\000W\000i\000s\000s\000e\000n\000s\000c\000h\000a\000f\000t\000l\000i\000c\000h\000e\000\040\000Z\000i\000e\000l\000e\000\040\000\050\000S\000c\000i\000e\000n\000t\000i\000f\000i\000c\000\040\000O\000b\000j\000e\000c\000t\000i\000v\000e\000s\000\040\040\023\000\040\000S\000O\000\051}{section.3}% 9
\BOOKMARK [2][-]{subsection.3.2}{\376\377\000T\000e\000c\000h\000n\000o\000l\000o\000g\000i\000s\000c\000h\000e\000\040\000Z\000i\000e\000l\000e\000\040\000\050\000T\000e\000c\000h\000n\000o\000l\000o\000g\000i\000c\000a\000l\000\040\000O\000b\000j\000e\000c\000t\000i\000v\000e\000s\000\040\040\023\000\040\000T\000O\000\051}{section.3}% 10
\BOOKMARK [2][-]{subsection.3.3}{\376\377\000I\000m\000p\000a\000c\000t\000-\000Z\000i\000e\000l\000e\000\040\000\050\000I\000m\000p\000a\000c\000t\000\040\000O\000b\000j\000e\000c\000t\000i\000v\000e\000s\000\040\040\023\000\040\000I\000O\000\051}{section.3}% 11
\BOOKMARK [2][-]{subsection.3.4}{\376\377\000E\000x\000e\000c\000u\000t\000i\000v\000e\000\040\000S\000u\000m\000m\000a\000r\000y\000\040\040\023\000\040\000K\000e\000r\000n\000z\000i\000e\000l}{section.3}% 12
\BOOKMARK [1][-]{section.4}{\376\377\000M\000\366\000g\000l\000i\000c\000h\000e\000s\000\040\000K\000o\000n\000s\000o\000r\000t\000i\000u\000m\000\040\000u\000n\000d\000\040\000R\000o\000l\000l\000e\000n\000v\000e\000r\000t\000e\000i\000l\000u\000n\000g}{}% 13
\BOOKMARK [1][-]{section.5}{\376\377\000W\000o\000r\000k\000p\000a\000c\000k\000a\000g\000e\000-\000S\000t\000r\000u\000k\000t\000u\000r}{}% 14
\BOOKMARK [2][-]{subsection.5.1}{\376\377\000W\000P\0001\000:\000\040\000P\000r\000o\000j\000e\000k\000t\000m\000a\000n\000a\000g\000e\000m\000e\000n\000t\000\040\000\046\000\040\000S\000t\000r\000a\000t\000e\000g\000i\000s\000c\000h\000e\000\040\000K\000o\000o\000r\000d\000i\000n\000a\000t\000i\000o\000n}{section.5}% 15
\BOOKMARK [2][-]{subsection.5.2}{\376\377\000W\000P\0002\000:\000\040\000W\000e\000r\000k\000s\000t\000o\000f\000f\000-\000E\000n\000g\000i\000n\000e\000e\000r\000i\000n\000g\000\040\000\046\000\040\000P\000r\000o\000z\000e\000s\000s\000-\000D\000e\000f\000i\000n\000i\000t\000i\000o\000n}{section.5}% 16
\BOOKMARK [2][-]{subsection.5.3}{\376\377\000W\000P\0003\000:\000\040\000E\000x\000p\000e\000r\000i\000m\000e\000n\000t\000e\000l\000l\000e\000\040\000H\000o\000c\000h\000d\000u\000r\000c\000h\000s\000a\000t\000z\000-\000C\000h\000a\000r\000a\000k\000t\000e\000r\000i\000s\000i\000e\000r\000u\000n\000g}{section.5}% 17
\BOOKMARK [2][-]{subsection.5.4}{\376\377\000W\000P\0004\000:\000\040\000M\000u\000l\000t\000i\000s\000k\000a\000l\000e\000n\000-\000P\000h\000y\000s\000i\000k\000\040\000\046\000\040\000V\000i\000r\000t\000u\000e\000l\000l\000e\000s\000\040\000L\000a\000b\000o\000r}{section.5}% 18
\BOOKMARK [2][-]{subsection.5.5}{\376\377\000W\000P\0005\000:\000\040\000K\000I\000-\000H\000o\000m\000o\000g\000e\000n\000i\000s\000i\000e\000r\000u\000n\000g\000\040\000\046\000\040\000T\000o\000o\000l\000-\000I\000n\000t\000e\000g\000r\000a\000t\000i\000o\000n}{section.5}% 19
\BOOKMARK [2][-]{subsection.5.6}{\376\377\000W\000P\0006\000:\000\040\000D\000e\000m\000o\000n\000s\000t\000r\000a\000t\000o\000r\000e\000n\000\040\000\046\000\040\000S\000y\000s\000t\000e\000m\000-\000V\000a\000l\000i\000d\000i\000e\000r\000u\000n\000g\000\040\000\050\000T\000R\000L\0005\000/\0006\000\051}{section.5}% 20
\BOOKMARK [2][-]{subsection.5.7}{\376\377\000W\000P\0007\000:\000\040\000I\000n\000d\000u\000s\000t\000r\000i\000e\000l\000l\000e\000\040\000U\000s\000e\000\040\000C\000a\000s\000e\000s\000\040\000\046\000\040\000O\000E\000M\000-\000A\000k\000z\000e\000p\000t\000a\000n\000z}{section.5}% 21
\BOOKMARK [2][-]{subsection.5.8}{\376\377\000W\000P\0008\000:\000\040\000E\000x\000p\000l\000o\000i\000t\000a\000t\000i\000o\000n\000,\000\040\000S\000t\000a\000n\000d\000a\000r\000d\000i\000s\000i\000e\000r\000u\000n\000g\000\040\000\046\000\040\000D\000i\000s\000s\000e\000m\000i\000n\000a\000t\000i\000o\000n}{section.5}% 22
\BOOKMARK [1][-]{section.6}{\376\377\000L\000o\000g\000i\000s\000c\000h\000e\000r\000\040\000D\000a\000t\000e\000n\000f\000l\000u\000s\000s\000\040\000\050\000G\000a\000n\000t\000t\000-\000L\000o\000g\000i\000k\000\051}{}% 23
\BOOKMARK [1][-]{section.7}{\376\377\000B\000u\000d\000g\000e\000t\000-\000A\000l\000l\000o\000k\000a\000t\000i\000o\000n\000\040\000\050\000B\000e\000i\000s\000p\000i\000e\000l\000\040\000b\000e\000i\000\040\0008\000M\000i\000o\000.\000\040\040\254\000\051}{}% 24
\BOOKMARK [1][-]{section.8}{\376\377\000W\000i\000c\000h\000t\000i\000g\000e\000\040\000M\000e\000i\000l\000e\000n\000s\000t\000e\000i\000n\000e\000\040\000\050\000M\000i\000l\000e\000s\000t\000o\000n\000e\000s\000\051}{}% 25
\BOOKMARK [1][-]{section.9}{\376\377\000V\000-\000M\000A\000T\000-\0002\0000\0003\0000\000\040\040\023\000\040\000P\000r\000o\000j\000e\000k\000t\000p\000i\000t\000c\000h}{}% 26
\BOOKMARK [1][-]{section.10}{\376\377\000S\000t\000r\000a\000t\000e\000g\000i\000s\000c\000h\000e\000\040\000P\000o\000s\000i\000t\000i\000o\000n\000i\000e\000r\000u\000n\000g\000s\000o\000p\000t\000i\000o\000n\000e\000n}{}% 27
\BOOKMARK [2][-]{subsection.10.1}{\376\377\000O\000p\000t\000i\000o\000n\000\040\0001\000:\000\040\000D\000e\000r\000\040\000P\000h\000y\000s\000i\000c\000s\000-\000F\000i\000r\000s\000t\000-\000W\000e\000g\000\040\000\050\000K\000l\000a\000s\000s\000i\000s\000c\000h\000e\000\040\000R\000I\000A\000\051}{section.10}% 28
\BOOKMARK [2][-]{subsection.10.2}{\376\377\000O\000p\000t\000i\000o\000n\000\040\0002\000:\000\040\000D\000e\000r\000\040\000P\000r\000a\000g\000m\000a\000t\000i\000c\000-\000A\000I\000-\000W\000e\000g\000\040\000\050\000D\000i\000g\000i\000t\000a\000l\000e\000r\000\040\000S\000c\000h\000a\000t\000t\000e\000n\000\051}{section.10}% 29
\BOOKMARK [2][-]{subsection.10.3}{\376\377\000O\000p\000t\000i\000o\000n\000\040\0003\000:\000\040\000D\000e\000r\000\040\000G\000i\000g\000a\000c\000a\000s\000t\000i\000n\000g\000-\000S\000o\000v\000e\000r\000e\000i\000g\000n\000t\000y\000-\000W\000e\000g\000\040\000\050\000A\000p\000p\000l\000i\000c\000a\000t\000i\000o\000n\000-\000D\000r\000i\000v\000e\000n\000\051}{section.10}% 30
